
=== Tue Nov 29 19:05:35 2022

Packages were changed.
Update Mode: mergeDefaultDependencies

The following packages were added:
  com.unity.ide.rider@3.0.15
  com.unity.ide.visualstudio@2.0.16
  com.unity.ide.vscode@1.2.5
  com.unity.modules.ai@1.0.0
  com.unity.modules.androidjni@1.0.0
  com.unity.modules.animation@1.0.0
  com.unity.modules.assetbundle@1.0.0
  com.unity.modules.audio@1.0.0
  com.unity.modules.cloth@1.0.0
  com.unity.modules.director@1.0.0
  com.unity.modules.imageconversion@1.0.0
  com.unity.modules.imgui@1.0.0
  com.unity.modules.jsonserialize@1.0.0
  com.unity.modules.particlesystem@1.0.0
  com.unity.modules.physics@1.0.0
  com.unity.modules.physics2d@1.0.0
  com.unity.modules.screencapture@1.0.0
  com.unity.modules.terrain@1.0.0
  com.unity.modules.terrainphysics@1.0.0
  com.unity.modules.tilemap@1.0.0
  com.unity.modules.ui@1.0.0
  com.unity.modules.uielements@1.0.0
  com.unity.modules.umbra@1.0.0
  com.unity.modules.unityanalytics@1.0.0
  com.unity.modules.unitywebrequest@1.0.0
  com.unity.modules.unitywebrequestassetbundle@1.0.0
  com.unity.modules.unitywebrequestaudio@1.0.0
  com.unity.modules.unitywebrequesttexture@1.0.0
  com.unity.modules.unitywebrequestwww@1.0.0
  com.unity.modules.vehicles@1.0.0
  com.unity.modules.video@1.0.0
  com.unity.modules.vr@1.0.0
  com.unity.modules.wind@1.0.0
  com.unity.modules.xr@1.0.0
  com.unity.test-framework@1.1.31
  com.unity.visualscripting@1.7.8
The following packages were updated:
  com.unity.collab-proxy from version 1.13.5 to 1.17.2
  com.unity.timeline from version 1.6.2 to 1.6.4

=== Thu Dec  1 14:19:09 2022

Packages were changed.
Update Mode: mergeDefaultDependencies

The following packages were added:
  com.unity.render-pipelines.high-definition@12.1.0
  com.unity.render-pipelines.universal@12.1.0
  com.unity.shadergraph@12.1.0

=== Thu Dec  1 14:55:43 2022

Packages were changed.
Update Mode: resetToDefaultDependencies

The following packages were removed:
  com.unity.feature.development@1.0.1
  com.unity.render-pipelines.high-definition@12.1.0
  com.unity.render-pipelines.universal@12.1.0
  com.unity.shadergraph@12.1.0

=== Thu Dec  1 15:01:57 2022

Packages were changed.
Update Mode: mergeDefaultDependencies

The following packages were added:
  com.unity.render-pipelines.high-definition@12.1.0
  com.unity.render-pipelines.universal@12.1.0
  com.unity.shadergraph@12.1.0

=== Thu Dec  1 15:02:52 2022

Packages were changed.
Update Mode: resetToDefaultDependencies

The following packages were removed:
  com.unity.render-pipelines.high-definition@12.1.0
  com.unity.render-pipelines.universal@12.1.0
  com.unity.shadergraph@12.1.0

=== Thu Dec  1 20:01:01 2022

Packages were changed.
Update Mode: mergeDefaultDependencies

The following packages were added:
  com.unity.render-pipelines.high-definition@12.1.0
  com.unity.render-pipelines.universal@12.1.0
  com.unity.shadergraph@12.1.0

=== Thu Dec  1 20:01:31 2022

Packages were changed.
Update Mode: resetToDefaultDependencies

The following packages were removed:
  com.unity.probuilder@5.0.6
  com.unity.render-pipelines.high-definition@12.1.0
  com.unity.render-pipelines.universal@12.1.0
  com.unity.shadergraph@12.1.0

=== Sun Dec  4 18:30:17 2022

Packages were changed.
Update Mode: resetToDefaultDependencies

The following packages were removed:
  com.unity.probuilder@5.0.6
  com.unity.terrain-tools@4.0.3
